<?xml version="1.0" encoding="UTF-8"?>
<!-- Generated by org.testng.reporters.JUnitReportReporter -->
<testsuite hostname="DESKTOP-FK5GQGQ" failures="0" tests="1" name="com.automation.practice.testng_practice.AppTest" time="0.032" errors="0" timestamp="2023-06-19T14:32:17 IST" skipped="0">
  <testcase classname="com.automation.practice.testng_practice.AppTest" name="shouldAnswerWithTrue" time="0.032"/>
</testsuite> <!-- com.automation.practice.testng_practice.AppTest -->
